Arguments: 
  C:\Program Files\nodejs\node.exe C:\Program Files\nodejs\node_modules\yarn\bin\yarn.js init

PATH: 
  C:\Users\Arunkumar\bin;C:\Program Files\Git\mingw64\bin;C:\Program Files\Git\usr\local\bin;C:\Program Files\Git\usr\bin;C:\Program Files\Git\usr\bin;C:\Program Files\Git\mingw64\bin;C:\Program Files\Git\usr\bin;C:\Users\Arunkumar\bin;C:\Users\Arunkumar\Downloads\mongosh-1.6.0-win32-x64\bin;C:\Windows\system32;C:\Windows;C:\Windows\System32\Wbem;C:\Windows\System32\WindowsPowerShell\v1.0;C:\Windows\System32\OpenSSH;C:\Program Files\Git\cmd;%NVM_HOME%;%NVM_SYMLINK%;C:\Users\Arunkumar\AppData\Local\Programs\Python\Python311\Scripts;C:\Users\Arunkumar\AppData\Local\Programs\Python\Python311;C:\Users\Arunkumar\Downloads\mongosh-1.6.0-win32-x64\bin;C:\Users\Arunkumar\AppData\Local\Microsoft\WindowsApps;D:\Program Files\Java\jdk-17.0.2\bin;D:\Program Files\MongoDB\Server\5.0\bin;C:\Users\Arunkumar\AppData\Local\Programs\Microsoft VS Code\bin;D:\MinGW\bin;D:\MinGW\lib;C:\Program Files\JetBrains\IntelliJ IDEA Community Edition 2022.2.1\bin;C:\Users\Arunkumar\Desktop\gradle-5.6.4\bin;C:\Users\Arunkumar\AppData\Roaming\nvm;C:\Program Files\nodejs;C:\Program Files\JetBrains\PyCharm Community Edition 2023.1.2\bin;C:\Program Files\Git\usr\bin\vendor_perl;C:\Program Files\Git\usr\bin\core_perl

Yarn version: 
  1.22.19

Node version: 
  18.16.0

Platform: 
  win32 x64

Trace: 
  Error: Can't answer a question unless a user TTY
      at ConsoleReporter.question (C:\Users\Arunkumar\AppData\Roaming\nvm\v18.16.0\node_modules\yarn\lib\cli.js:92864:59)
      at Object.<anonymous> (C:\Users\Arunkumar\AppData\Roaming\nvm\v18.16.0\node_modules\yarn\lib\cli.js:85054:38)
      at Generator.next (<anonymous>)
      at step (C:\Users\Arunkumar\AppData\Roaming\nvm\v18.16.0\node_modules\yarn\lib\cli.js:310:30)
      at C:\Users\Arunkumar\AppData\Roaming\nvm\v18.16.0\node_modules\yarn\lib\cli.js:321:13

npm manifest: 
  No manifest

yarn manifest: 
  No manifest

Lockfile: 
  No lockfile
